  Reading Qt configuration (C:/Qt2/5.15.2/msvc2019_64/bin/qmake)
  Moc'ing MT_2_N52.h...
  xiApiPlusOcv.cpp
  main.cpp
  MT_2_N52.cpp
C:\Users\Baymax\Desktop\MT_optimus\MT_2_N52_Application\MT_2_N52.cpp(528,17): warning C4805: '==': combinación no segura del tipo 'boolean' y el tipo 'bool' en la operación
C:\Users\Baymax\Desktop\MT_optimus\MT_2_N52_Application\MT_2_N52.cpp(663): warning C4715: 'MT_2_N52::Magnet_Law': no todas las rutas de acceso de control devuelven un valor
C:\Users\Baymax\Desktop\MT_optimus\MT_2_N52_Application\MT_2_N52.cpp(211): warning C4700: se utilizó la variable local 't2' sin inicializar
  qrc_MT_2_N52.cpp
  moc_MT_2_N52.cpp
  MT_2_N52_Application.vcxproj -> C:\Users\Baymax\Desktop\MT_optimus\x64\Release\MT_optimus.exe
C:\Users\Baymax\Desktop\MT_optimus\MT_2_N52_Application\opencv2\core\base.hpp(384): warning C26812: El tipo de enumeración "cv::NormTypes" no tiene ámbito. Prefiera "enum class" a "enum" (Enum.3).
C:\Users\Baymax\Desktop\MT_optimus\MT_2_N52_Application\opencv2\core\mat.hpp(66): warning C26812: El tipo de enumeración "cv::AccessFlag" no tiene ámbito. Prefiera "enum class" a "enum" (Enum.3).
C:\Users\Baymax\Desktop\MT_optimus\MT_2_N52_Application\opencv2\core\mat.hpp(266): warning C26812: El tipo de enumeración "cv::_InputArray::KindFlag" no tiene ámbito. Prefiera "enum class" a "enum" (Enum.3).
C:\Users\Baymax\Desktop\MT_optimus\MT_2_N52_Application\opencv2\core\mat.hpp(583): warning C26812: El tipo de enumeración "cv::UMatData::MemoryFlag" no tiene ámbito. Prefiera "enum class" a "enum" (Enum.3).
C:\Users\Baymax\Desktop\MT_optimus\MT_2_N52_Application\opencv2\core\mat.inl.hpp(1239): warning C26495: La variable "cv::MatStep::buf" no está inicializada. Siempre debe inicializarse una variable miembro (type.6).
C:\Users\Baymax\Desktop\MT_optimus\MT_2_N52_Application\opencv2\core\mat.inl.hpp(1245): warning C26495: La variable "cv::MatStep::buf" no está inicializada. Siempre debe inicializarse una variable miembro (type.6).
C:\Users\Baymax\Desktop\MT_optimus\MT_2_N52_Application\opencv2\core\mat.inl.hpp(1874): warning C26451: Desbordamiento aritmético: el operador "*" se usa en un valor de 4 bytes y, a continuación, el resultado se convierte a un valor de 8 bytes. Convierta el valor al tipo más amplio antes de llamar al operador "*" para evitar el desbordamiento (io.2).
C:\Users\Baymax\Desktop\MT_optimus\MT_2_N52_Application\opencv2\core\operations.hpp(431): warning C26812: El tipo de enumeración "cv::Formatter::FormatType" no tiene ámbito. Prefiera "enum class" a "enum" (Enum.3).
C:\Users\Baymax\Desktop\MT_optimus\MT_2_N52_Application\opencv2\core\utility.hpp(568): warning C26451: Desbordamiento aritmético: el operador "*" se usa en un valor de 4 bytes y, a continuación, el resultado se convierte a un valor de 8 bytes. Convierta el valor al tipo más amplio antes de llamar al operador "*" para evitar el desbordamiento (io.2).
C:\XIMEA\Examples\xiApiPlusOcv\xiApiPlusOcv.hpp(88): warning C26812: El tipo de enumeración "XI_IMG_FORMAT" no tiene ámbito. Prefiera "enum class" a "enum" (Enum.3).
C:\XIMEA\Examples\xiApiPlusOcv\xiApiPlusOcv.cpp(86): warning C26812: El tipo de enumeración "XI_EXPOSURE_TIME_SELECTOR_TYPE" no tiene ámbito. Prefiera "enum class" a "enum" (Enum.3).
C:\XIMEA\Examples\xiApiPlusOcv\xiApiPlusOcv.cpp(191): warning C26812: El tipo de enumeración "XI_GAIN_SELECTOR_TYPE" no tiene ámbito. Prefiera "enum class" a "enum" (Enum.3).
C:\XIMEA\Examples\xiApiPlusOcv\xiApiPlusOcv.cpp(301): warning C26812: El tipo de enumeración "XI_DOWNSAMPLING_VALUE" no tiene ámbito. Prefiera "enum class" a "enum" (Enum.3).
C:\XIMEA\Examples\xiApiPlusOcv\xiApiPlusOcv.cpp(356): warning C26812: El tipo de enumeración "XI_DOWNSAMPLING_TYPE" no tiene ámbito. Prefiera "enum class" a "enum" (Enum.3).
C:\XIMEA\Examples\xiApiPlusOcv\xiApiPlusOcv.cpp(411): warning C26812: El tipo de enumeración "XI_TEST_PATTERN_GENERATOR" no tiene ámbito. Prefiera "enum class" a "enum" (Enum.3).
C:\XIMEA\Examples\xiApiPlusOcv\xiApiPlusOcv.cpp(466): warning C26812: El tipo de enumeración "XI_TEST_PATTERN" no tiene ámbito. Prefiera "enum class" a "enum" (Enum.3).
C:\XIMEA\Examples\xiApiPlusOcv\xiApiPlusOcv.cpp(576): warning C26812: El tipo de enumeración "XI_SHUTTER_TYPE" no tiene ámbito. Prefiera "enum class" a "enum" (Enum.3).
C:\XIMEA\Examples\xiApiPlusOcv\xiApiPlusOcv.cpp(631): warning C26812: El tipo de enumeración "XI_SENSOR_TAP_CNT" no tiene ámbito. Prefiera "enum class" a "enum" (Enum.3).
C:\XIMEA\Examples\xiApiPlusOcv\xiApiPlusOcv.cpp(916): warning C26812: El tipo de enumeración "XI_SENS_DEFFECTS_CORR_LIST_SELECTOR" no tiene ámbito. Prefiera "enum class" a "enum" (Enum.3).
C:\XIMEA\Examples\xiApiPlusOcv\xiApiPlusOcv.cpp(1783): warning C26812: El tipo de enumeración "XI_INTERLINE_EXPOSURE_MODE_TYPE" no tiene ámbito. Prefiera "enum class" a "enum" (Enum.3).
C:\XIMEA\Examples\xiApiPlusOcv\xiApiPlusOcv.cpp(1906): warning C26812: El tipo de enumeración "XI_BIN_SELECTOR" no tiene ámbito. Prefiera "enum class" a "enum" (Enum.3).
C:\XIMEA\Examples\xiApiPlusOcv\xiApiPlusOcv.cpp(1961): warning C26812: El tipo de enumeración "XI_BIN_MODE" no tiene ámbito. Prefiera "enum class" a "enum" (Enum.3).
C:\XIMEA\Examples\xiApiPlusOcv\xiApiPlusOcv.cpp(2171): warning C26812: El tipo de enumeración "XI_BIN_PATTERN" no tiene ámbito. Prefiera "enum class" a "enum" (Enum.3).
C:\XIMEA\Examples\xiApiPlusOcv\xiApiPlusOcv.cpp(2281): warning C26812: El tipo de enumeración "XI_DEC_SELECTOR" no tiene ámbito. Prefiera "enum class" a "enum" (Enum.3).
C:\XIMEA\Examples\xiApiPlusOcv\xiApiPlusOcv.cpp(2436): warning C26812: El tipo de enumeración "XI_DEC_PATTERN" no tiene ámbito. Prefiera "enum class" a "enum" (Enum.3).
C:\XIMEA\Examples\xiApiPlusOcv\xiApiPlusOcv.cpp(2818): warning C26812: El tipo de enumeración "XI_SWITCH" no tiene ámbito. Prefiera "enum class" a "enum" (Enum.3).
C:\XIMEA\Examples\xiApiPlusOcv\xiApiPlusOcv.cpp(2873): warning C26812: El tipo de enumeración "XI_BIT_DEPTH" no tiene ámbito. Prefiera "enum class" a "enum" (Enum.3).
C:\XIMEA\Examples\xiApiPlusOcv\xiApiPlusOcv.cpp(3068): warning C26812: El tipo de enumeración "XI_OUTPUT_DATA_PACKING_TYPE" no tiene ámbito. Prefiera "enum class" a "enum" (Enum.3).
C:\XIMEA\Examples\xiApiPlusOcv\xiApiPlusOcv.cpp(3141): warning C26812: El tipo de enumeración "XI_TEMP_CTRL_MODE_SELECTOR" no tiene ámbito. Prefiera "enum class" a "enum" (Enum.3).
C:\XIMEA\Examples\xiApiPlusOcv\xiApiPlusOcv.cpp(3251): warning C26812: El tipo de enumeración "XI_TEMP_SELECTOR" no tiene ámbito. Prefiera "enum class" a "enum" (Enum.3).
C:\XIMEA\Examples\xiApiPlusOcv\xiApiPlusOcv.cpp(3591): warning C26812: El tipo de enumeración "XI_TEMP_ELEMENT_SELECTOR" no tiene ámbito. Prefiera "enum class" a "enum" (Enum.3).
C:\XIMEA\Examples\xiApiPlusOcv\xiApiPlusOcv.cpp(3707): warning C26812: El tipo de enumeración "XI_CMS_MODE" no tiene ámbito. Prefiera "enum class" a "enum" (Enum.3).
C:\XIMEA\Examples\xiApiPlusOcv\xiApiPlusOcv.cpp(3762): warning C26812: El tipo de enumeración "XI_CMS_INTENT" no tiene ámbito. Prefiera "enum class" a "enum" (Enum.3).
C:\XIMEA\Examples\xiApiPlusOcv\xiApiPlusOcv.cpp(3899): warning C26812: El tipo de enumeración "XI_COLOR_FILTER_ARRAY" no tiene ámbito. Prefiera "enum class" a "enum" (Enum.3).
C:\XIMEA\Examples\xiApiPlusOcv\xiApiPlusOcv.cpp(5037): warning C26812: El tipo de enumeración "XI_TRG_SOURCE" no tiene ámbito. Prefiera "enum class" a "enum" (Enum.3).
C:\XIMEA\Examples\xiApiPlusOcv\xiApiPlusOcv.cpp(5103): warning C26812: El tipo de enumeración "XI_TRG_SELECTOR" no tiene ámbito. Prefiera "enum class" a "enum" (Enum.3).
C:\XIMEA\Examples\xiApiPlusOcv\xiApiPlusOcv.cpp(5158): warning C26812: El tipo de enumeración "XI_TRG_OVERLAP" no tiene ámbito. Prefiera "enum class" a "enum" (Enum.3).
C:\XIMEA\Examples\xiApiPlusOcv\xiApiPlusOcv.cpp(5261): warning C26812: El tipo de enumeración "XI_PRM_TYPE" no tiene ámbito. Prefiera "enum class" a "enum" (Enum.3).
C:\XIMEA\Examples\xiApiPlusOcv\xiApiPlusOcv.cpp(5315): warning C26812: El tipo de enumeración "XI_GPI_SELECTOR" no tiene ámbito. Prefiera "enum class" a "enum" (Enum.3).
C:\XIMEA\Examples\xiApiPlusOcv\xiApiPlusOcv.cpp(5370): warning C26812: El tipo de enumeración "XI_GPI_MODE" no tiene ámbito. Prefiera "enum class" a "enum" (Enum.3).
C:\XIMEA\Examples\xiApiPlusOcv\xiApiPlusOcv.cpp(5548): warning C26812: El tipo de enumeración "XI_GPO_SELECTOR" no tiene ámbito. Prefiera "enum class" a "enum" (Enum.3).
C:\XIMEA\Examples\xiApiPlusOcv\xiApiPlusOcv.cpp(5603): warning C26812: El tipo de enumeración "XI_GPO_MODE" no tiene ámbito. Prefiera "enum class" a "enum" (Enum.3).
C:\XIMEA\Examples\xiApiPlusOcv\xiApiPlusOcv.cpp(5658): warning C26812: El tipo de enumeración "XI_LED_SELECTOR" no tiene ámbito. Prefiera "enum class" a "enum" (Enum.3).
C:\XIMEA\Examples\xiApiPlusOcv\xiApiPlusOcv.cpp(5713): warning C26812: El tipo de enumeración "XI_LED_MODE" no tiene ámbito. Prefiera "enum class" a "enum" (Enum.3).
C:\XIMEA\Examples\xiApiPlusOcv\xiApiPlusOcv.cpp(6202): warning C26812: El tipo de enumeración "XI_LENS_FEATURE" no tiene ámbito. Prefiera "enum class" a "enum" (Enum.3).
C:\XIMEA\Examples\xiApiPlusOcv\xiApiPlusOcv.cpp(6635): warning C26812: El tipo de enumeración "XI_GenTL_Image_Format_e" no tiene ámbito. Prefiera "enum class" a "enum" (Enum.3).
C:\XIMEA\Examples\xiApiPlusOcv\xiApiPlusOcv.cpp(6690): warning C26812: El tipo de enumeración "XI_TRANSPORT_DATA_TARGET_MODE" no tiene ámbito. Prefiera "enum class" a "enum" (Enum.3).
C:\XIMEA\Examples\xiApiPlusOcv\xiApiPlusOcv.cpp(6850): warning C26812: El tipo de enumeración "XI_SENSOR_OUTPUT_CHANNEL_COUNT" no tiene ámbito. Prefiera "enum class" a "enum" (Enum.3).
C:\XIMEA\Examples\xiApiPlusOcv\xiApiPlusOcv.cpp(6960): warning C26812: El tipo de enumeración "XI_COUNTER_SELECTOR" no tiene ámbito. Prefiera "enum class" a "enum" (Enum.3).
C:\XIMEA\Examples\xiApiPlusOcv\xiApiPlusOcv.cpp(7056): warning C26812: El tipo de enumeración "XI_ACQ_TIMING_MODE" no tiene ámbito. Prefiera "enum class" a "enum" (Enum.3).
C:\XIMEA\Examples\xiApiPlusOcv\xiApiPlusOcv.cpp(7152): warning C26812: El tipo de enumeración "XI_BP" no tiene ámbito. Prefiera "enum class" a "enum" (Enum.3).
C:\XIMEA\Examples\xiApiPlusOcv\xiApiPlusOcv.cpp(7387): warning C26812: El tipo de enumeración "XI_TS_RST_MODE" no tiene ámbito. Prefiera "enum class" a "enum" (Enum.3).
C:\XIMEA\Examples\xiApiPlusOcv\xiApiPlusOcv.cpp(7442): warning C26812: El tipo de enumeración "XI_TS_RST_SOURCE" no tiene ámbito. Prefiera "enum class" a "enum" (Enum.3).
C:\XIMEA\Examples\xiApiPlusOcv\xiApiPlusOcv.cpp(7977): warning C26812: El tipo de enumeración "XI_PROBE_SELECTOR" no tiene ámbito. Prefiera "enum class" a "enum" (Enum.3).
C:\XIMEA\Examples\xiApiPlusOcv\xiApiPlusOcv.cpp(8310): warning C26812: El tipo de enumeración "XI_SENSOR_MODE" no tiene ámbito. Prefiera "enum class" a "enum" (Enum.3).
C:\XIMEA\Examples\xiApiPlusOcv\xiApiPlusOcv.cpp(8686): warning C26812: El tipo de enumeración "XI_IMAGE_AREA_SELECTOR" no tiene ámbito. Prefiera "enum class" a "enum" (Enum.3).
C:\XIMEA\Examples\xiApiPlusOcv\xiApiPlusOcv.cpp(8741): warning C26812: El tipo de enumeración "XI_DUAL_ADC_MODE" no tiene ámbito. Prefiera "enum class" a "enum" (Enum.3).
C:\XIMEA\Examples\xiApiPlusOcv\xiApiPlusOcv.cpp(9067): warning C26812: El tipo de enumeración "XI_VERSION" no tiene ámbito. Prefiera "enum class" a "enum" (Enum.3).
C:\XIMEA\Examples\xiApiPlusOcv\xiApiPlusOcv.cpp(9236): warning C26812: El tipo de enumeración "XI_DEBUG_LEVEL" no tiene ámbito. Prefiera "enum class" a "enum" (Enum.3).
C:\XIMEA\Examples\xiApiPlusOcv\xiApiPlusOcv.cpp(9678): warning C26812: El tipo de enumeración "XI_SENSOR_FEATURE_SELECTOR" no tiene ámbito. Prefiera "enum class" a "enum" (Enum.3).
C:\XIMEA\Examples\xiApiPlusOcv\xiApiPlusOcv.cpp(9789): warning C26812: El tipo de enumeración "XI_ACQUISITION_STATUS_SELECTOR" no tiene ámbito. Prefiera "enum class" a "enum" (Enum.3).
C:\XIMEA\Examples\xiApiPlusOcv\xiApiPlusOcv.cpp(9890): warning C26812: El tipo de enumeración "XI_DP_UNIT_SELECTOR" no tiene ámbito. Prefiera "enum class" a "enum" (Enum.3).
C:\XIMEA\Examples\xiApiPlusOcv\xiApiPlusOcv.cpp(9945): warning C26812: El tipo de enumeración "XI_DP_PROC_SELECTOR" no tiene ámbito. Prefiera "enum class" a "enum" (Enum.3).
C:\XIMEA\Examples\xiApiPlusOcv\xiApiPlusOcv.cpp(10000): warning C26812: El tipo de enumeración "XI_DP_PARAM_SELECTOR" no tiene ámbito. Prefiera "enum class" a "enum" (Enum.3).
C:\XIMEA\Examples\xiApiPlusOcv\xiApiPlusOcv.cpp(10149): warning C26812: El tipo de enumeración "XI_USER_SET_SELECTOR" no tiene ámbito. Prefiera "enum class" a "enum" (Enum.3).
C:\Users\Baymax\Desktop\MT_optimus\MT_2_N52_Application\opencv2\core\matx.hpp(578): warning C6294: Bucle For definido incorrecto:  la condición inicial no supera la prueba. No se ejecutó el cuerpo del bucle.
C:\Users\Baymax\Desktop\MT_optimus\MT_2_N52_Application\opencv2\core\matx.hpp(578): warning C6201: El índice '3' está fuera del intervalo del índice '0' válido de '2' para el búfer 'this->val' asignado a la pila.
C:\Users\Baymax\Desktop\MT_optimus\MT_2_N52_Application\opencv2\core\matx.hpp(570): warning C6294: Bucle For definido incorrecto:  la condición inicial no supera la prueba. No se ejecutó el cuerpo del bucle.
C:\Users\Baymax\Desktop\MT_optimus\MT_2_N52_Application\opencv2\core\matx.hpp(570): warning C6201: El índice '2' está fuera del intervalo del índice '0' válido de '1' para el búfer 'this->val' asignado a la pila.
C:\Users\Baymax\Desktop\MT_optimus\MT_2_N52_Application\opencv2\core\matx.hpp(586): warning C6294: Bucle For definido incorrecto:  la condición inicial no supera la prueba. No se ejecutó el cuerpo del bucle.
C:\Users\Baymax\Desktop\MT_optimus\MT_2_N52_Application\opencv2\core\matx.hpp(586): warning C6201: El índice '4' está fuera del intervalo del índice '0' válido de '3' para el búfer 'this->val' asignado a la pila.
C:\Users\Baymax\Desktop\MT_optimus\MT_2_N52_Application\opencv2\imgproc.hpp(4992): warning C26451: Desbordamiento aritmético: el operador "+" se usa en un valor de 4 bytes y, a continuación, el resultado se convierte a un valor de 8 bytes. Convierta el valor al tipo más amplio antes de llamar al operador "+" para evitar el desbordamiento (io.2).
C:\Users\Baymax\Desktop\MT_optimus\MT_2_N52_Application\MT_2_N52.cpp(177): warning C26451: Desbordamiento aritmético: el operador "*" se usa en un valor de 4 bytes y, a continuación, el resultado se convierte a un valor de 8 bytes. Convierta el valor al tipo más amplio antes de llamar al operador "*" para evitar el desbordamiento (io.2).
C:\Users\Baymax\Desktop\MT_optimus\MT_2_N52_Application\MT_2_N52.cpp(178): warning C26451: Desbordamiento aritmético: el operador "*" se usa en un valor de 4 bytes y, a continuación, el resultado se convierte a un valor de 8 bytes. Convierta el valor al tipo más amplio antes de llamar al operador "*" para evitar el desbordamiento (io.2).
C:\Users\Baymax\Desktop\MT_optimus\MT_2_N52_Application\MT_2_N52.cpp(178): warning C26451: Desbordamiento aritmético: el operador "*" se usa en un valor de 4 bytes y, a continuación, el resultado se convierte a un valor de 8 bytes. Convierta el valor al tipo más amplio antes de llamar al operador "*" para evitar el desbordamiento (io.2).
C:\Users\Baymax\Desktop\MT_optimus\MT_2_N52_Application\MT_2_N52.cpp(178): warning C26451: Desbordamiento aritmético: el operador "*" se usa en un valor de 4 bytes y, a continuación, el resultado se convierte a un valor de 8 bytes. Convierta el valor al tipo más amplio antes de llamar al operador "*" para evitar el desbordamiento (io.2).
C:\Users\Baymax\Desktop\MT_optimus\MT_2_N52_Application\MT_2_N52.cpp(178): warning C26451: Desbordamiento aritmético: el operador "*" se usa en un valor de 4 bytes y, a continuación, el resultado se convierte a un valor de 8 bytes. Convierta el valor al tipo más amplio antes de llamar al operador "*" para evitar el desbordamiento (io.2).
C:\Users\Baymax\Desktop\MT_optimus\MT_2_N52_Application\MT_2_N52.cpp(178): warning C26451: Desbordamiento aritmético: el operador "*" se usa en un valor de 4 bytes y, a continuación, el resultado se convierte a un valor de 8 bytes. Convierta el valor al tipo más amplio antes de llamar al operador "*" para evitar el desbordamiento (io.2).
C:\Users\Baymax\Desktop\MT_optimus\MT_2_N52_Application\MT_2_N52.cpp(178): warning C26451: Desbordamiento aritmético: el operador "*" se usa en un valor de 4 bytes y, a continuación, el resultado se convierte a un valor de 8 bytes. Convierta el valor al tipo más amplio antes de llamar al operador "*" para evitar el desbordamiento (io.2).
C:\Users\Baymax\Desktop\MT_optimus\MT_2_N52_Application\MT_2_N52.cpp(178): warning C26451: Desbordamiento aritmético: el operador "*" se usa en un valor de 4 bytes y, a continuación, el resultado se convierte a un valor de 8 bytes. Convierta el valor al tipo más amplio antes de llamar al operador "*" para evitar el desbordamiento (io.2).
C:\Users\Baymax\Desktop\MT_optimus\MT_2_N52_Application\MT_2_N52.cpp(178): warning C26451: Desbordamiento aritmético: el operador "*" se usa en un valor de 4 bytes y, a continuación, el resultado se convierte a un valor de 8 bytes. Convierta el valor al tipo más amplio antes de llamar al operador "*" para evitar el desbordamiento (io.2).
C:\Users\Baymax\Desktop\MT_optimus\MT_2_N52_Application\MT_2_N52.cpp(178): warning C26451: Desbordamiento aritmético: el operador "*" se usa en un valor de 4 bytes y, a continuación, el resultado se convierte a un valor de 8 bytes. Convierta el valor al tipo más amplio antes de llamar al operador "*" para evitar el desbordamiento (io.2).
C:\Users\Baymax\Desktop\MT_optimus\MT_2_N52_Application\MT_2_N52.cpp(183): warning C26451: Desbordamiento aritmético: el operador "*" se usa en un valor de 4 bytes y, a continuación, el resultado se convierte a un valor de 8 bytes. Convierta el valor al tipo más amplio antes de llamar al operador "*" para evitar el desbordamiento (io.2).
C:\Users\Baymax\Desktop\MT_optimus\MT_2_N52_Application\MT_2_N52.cpp(184): warning C26451: Desbordamiento aritmético: el operador "*" se usa en un valor de 4 bytes y, a continuación, el resultado se convierte a un valor de 8 bytes. Convierta el valor al tipo más amplio antes de llamar al operador "*" para evitar el desbordamiento (io.2).
C:\Users\Baymax\Desktop\MT_optimus\MT_2_N52_Application\MT_2_N52.cpp(184): warning C26451: Desbordamiento aritmético: el operador "*" se usa en un valor de 4 bytes y, a continuación, el resultado se convierte a un valor de 8 bytes. Convierta el valor al tipo más amplio antes de llamar al operador "*" para evitar el desbordamiento (io.2).
C:\Users\Baymax\Desktop\MT_optimus\MT_2_N52_Application\MT_2_N52.cpp(184): warning C26451: Desbordamiento aritmético: el operador "*" se usa en un valor de 4 bytes y, a continuación, el resultado se convierte a un valor de 8 bytes. Convierta el valor al tipo más amplio antes de llamar al operador "*" para evitar el desbordamiento (io.2).
C:\Users\Baymax\Desktop\MT_optimus\MT_2_N52_Application\MT_2_N52.cpp(184): warning C26451: Desbordamiento aritmético: el operador "*" se usa en un valor de 4 bytes y, a continuación, el resultado se convierte a un valor de 8 bytes. Convierta el valor al tipo más amplio antes de llamar al operador "*" para evitar el desbordamiento (io.2).
C:\Users\Baymax\Desktop\MT_optimus\MT_2_N52_Application\MT_2_N52.cpp(184): warning C26451: Desbordamiento aritmético: el operador "*" se usa en un valor de 4 bytes y, a continuación, el resultado se convierte a un valor de 8 bytes. Convierta el valor al tipo más amplio antes de llamar al operador "*" para evitar el desbordamiento (io.2).
C:\Users\Baymax\Desktop\MT_optimus\MT_2_N52_Application\MT_2_N52.cpp(184): warning C26451: Desbordamiento aritmético: el operador "*" se usa en un valor de 4 bytes y, a continuación, el resultado se convierte a un valor de 8 bytes. Convierta el valor al tipo más amplio antes de llamar al operador "*" para evitar el desbordamiento (io.2).
C:\Users\Baymax\Desktop\MT_optimus\MT_2_N52_Application\MT_2_N52.cpp(184): warning C26451: Desbordamiento aritmético: el operador "*" se usa en un valor de 4 bytes y, a continuación, el resultado se convierte a un valor de 8 bytes. Convierta el valor al tipo más amplio antes de llamar al operador "*" para evitar el desbordamiento (io.2).
C:\Users\Baymax\Desktop\MT_optimus\MT_2_N52_Application\MT_2_N52.cpp(184): warning C26451: Desbordamiento aritmético: el operador "*" se usa en un valor de 4 bytes y, a continuación, el resultado se convierte a un valor de 8 bytes. Convierta el valor al tipo más amplio antes de llamar al operador "*" para evitar el desbordamiento (io.2).
C:\Users\Baymax\Desktop\MT_optimus\MT_2_N52_Application\MT_2_N52.cpp(184): warning C26451: Desbordamiento aritmético: el operador "*" se usa en un valor de 4 bytes y, a continuación, el resultado se convierte a un valor de 8 bytes. Convierta el valor al tipo más amplio antes de llamar al operador "*" para evitar el desbordamiento (io.2).
C:\Users\Baymax\Desktop\MT_optimus\MT_2_N52_Application\MT_2_N52.cpp(211): warning C26451: Desbordamiento aritmético: el operador "-" se usa en un valor de 4 bytes y, a continuación, el resultado se convierte a un valor de 8 bytes. Convierta el valor al tipo más amplio antes de llamar al operador "-" para evitar el desbordamiento (io.2).
C:\Users\Baymax\Desktop\MT_optimus\MT_2_N52_Application\MT_2_N52.cpp(240): warning C26451: Desbordamiento aritmético: el operador "+" se usa en un valor de 4 bytes y, a continuación, el resultado se convierte a un valor de 8 bytes. Convierta el valor al tipo más amplio antes de llamar al operador "+" para evitar el desbordamiento (io.2).
C:\Users\Baymax\Desktop\MT_optimus\MT_2_N52_Application\MT_2_N52.cpp(240): warning C26451: Desbordamiento aritmético: el operador "+" se usa en un valor de 4 bytes y, a continuación, el resultado se convierte a un valor de 8 bytes. Convierta el valor al tipo más amplio antes de llamar al operador "+" para evitar el desbordamiento (io.2).
C:\Users\Baymax\Desktop\MT_optimus\MT_2_N52_Application\MT_2_N52.cpp(240): warning C26451: Desbordamiento aritmético: el operador "+" se usa en un valor de 4 bytes y, a continuación, el resultado se convierte a un valor de 8 bytes. Convierta el valor al tipo más amplio antes de llamar al operador "+" para evitar el desbordamiento (io.2).
C:\Users\Baymax\Desktop\MT_optimus\MT_2_N52_Application\MT_2_N52.cpp(244): warning C26451: Desbordamiento aritmético: el operador "+" se usa en un valor de 4 bytes y, a continuación, el resultado se convierte a un valor de 8 bytes. Convierta el valor al tipo más amplio antes de llamar al operador "+" para evitar el desbordamiento (io.2).
C:\Users\Baymax\Desktop\MT_optimus\MT_2_N52_Application\MT_2_N52.cpp(244): warning C26451: Desbordamiento aritmético: el operador "+" se usa en un valor de 4 bytes y, a continuación, el resultado se convierte a un valor de 8 bytes. Convierta el valor al tipo más amplio antes de llamar al operador "+" para evitar el desbordamiento (io.2).
C:\Users\Baymax\Desktop\MT_optimus\MT_2_N52_Application\MT_2_N52.cpp(244): warning C26451: Desbordamiento aritmético: el operador "+" se usa en un valor de 4 bytes y, a continuación, el resultado se convierte a un valor de 8 bytes. Convierta el valor al tipo más amplio antes de llamar al operador "+" para evitar el desbordamiento (io.2).
C:\Users\Baymax\Desktop\MT_optimus\MT_2_N52_Application\MT_2_N52.cpp(587): warning C6386: Saturación de búfer al escribir en 'DAC_pulse':  el tamaño de escritura son 'n_points*8' bytes, pero se pueden escribir '16' bytes.
C:\Users\Baymax\Desktop\MT_optimus\MT_2_N52_Application\MT_2_N52.cpp(591): warning C6386: Saturación de búfer al escribir en 'F_array':  el tamaño de escritura son 'public: float __cdecl QString::toFloat(bool *)const (0)*int update_rate*8' bytes, pero se pueden escribir '16' bytes.
C:\Users\Baymax\Desktop\MT_optimus\MT_2_N52_Application\MT_2_N52.cpp(591): warning C6385: Lectura de datos no válidos de 'F_array':  el tamaño de lectura son 'public: float __cdecl QString::toFloat(bool *)const (0)*int update_rate*8' bytes, pero se pueden leer '16' bytes.
C:\Users\Baymax\Desktop\MT_optimus\MT_2_N52_Application\MT_2_N52.cpp(590): warning C26451: Desbordamiento aritmético: el operador "*" se usa en un valor de 4 bytes y, a continuación, el resultado se convierte a un valor de 8 bytes. Convierta el valor al tipo más amplio antes de llamar al operador "*" para evitar el desbordamiento (io.2).
C:\Users\Baymax\Desktop\MT_optimus\MT_2_N52_Application\MT_2_N52.cpp(591): warning C26451: Desbordamiento aritmético: el operador "+" se usa en un valor de 4 bytes y, a continuación, el resultado se convierte a un valor de 8 bytes. Convierta el valor al tipo más amplio antes de llamar al operador "+" para evitar el desbordamiento (io.2).
